Arguments: 
  E:\Program Files\nodejs\node.exe C:\Users\ELODIE\AppData\Roaming\npm\node_modules\yarn\bin\yarn.js init

PATH: 
  C:\Users\ELODIE\bin;E:\Program Files\Git\mingw64\bin;E:\Program Files\Git\usr\local\bin;E:\Program Files\Git\usr\bin;E:\Program Files\Git\usr\bin;E:\Program Files\Git\mingw64\bin;E:\Program Files\Git\usr\bin;C:\Users\ELODIE\bin;C:\ProgramData\Oracle\Java\javapath;C:\Windows\system32;C:\Windows;C:\Windows\System32\Wbem;C:\Windows\System32\WindowsPowerShell\v1.0;C:\Windows\System32\OpenSSH;E:\Program Files (x86)\Brackets\command;E:\Program Files\Git\cmd;E:\Program Files\nodejs;C:\Users\ELODIE\AppData\Local\Microsoft\WindowsApps;C:\Users\ELODIE\AppData\Roaming\npm;E:\Users\ELODIE\AppData\Local\Programs\Microsoft VS Code\bin;E:\Program Files\Git\usr\bin\vendor_perl;E:\Program Files\Git\usr\bin\core_perl

Yarn version: 
  1.13.0

Node version: 
  10.15.3

Platform: 
  win32 x64

Trace: 
  Error: Can't answer a question unless a user TTY
      at ConsoleReporter.question (C:\Users\ELODIE\AppData\Roaming\npm\node_modules\yarn\lib\cli.js:96071:59)
      at Object.<anonymous> (C:\Users\ELODIE\AppData\Roaming\npm\node_modules\yarn\lib\cli.js:88459:38)
      at Generator.next (<anonymous>)
      at step (C:\Users\ELODIE\AppData\Roaming\npm\node_modules\yarn\lib\cli.js:304:30)
      at C:\Users\ELODIE\AppData\Roaming\npm\node_modules\yarn\lib\cli.js:315:13

npm manifest: 
  No manifest

yarn manifest: 
  No manifest

Lockfile: 
  No lockfile
